<?xml version="1.0" encoding="UTF-8"?>
<coverage generated="1659168497455" clover="3.2.0">
  <project timestamp="1659168497455" name="All files">
    <metrics statements="54" coveredstatements="54" conditionals="20" coveredconditionals="20" methods="24" coveredmethods="24" elements="98" coveredelements="98" complexity="0" loc="54" ncloc="54" packages="1" files="2" classes="2"/>
    <file name="minesweeper.js" path="/Users/romanusov/code/js_studies/minesweeper-fp/src/minesweeper.js">
      <metrics statements="38" coveredstatements="38" conditionals="20" coveredconditionals="20" methods="24" coveredmethods="24"/>
      <line num="5" count="1" type="stmt"/>
      <line num="13" count="2" type="stmt"/>
      <line num="15" count="20" type="stmt"/>
      <line num="16" count="200" type="stmt"/>
      <line num="29" count="13" type="stmt"/>
      <line num="30" count="130" type="stmt"/>
      <line num="31" count="1300" type="cond" truecount="2" falsecount="0"/>
      <line num="32" count="13" type="stmt"/>
      <line num="34" count="1287" type="stmt"/>
      <line num="40" count="3" type="stmt"/>
      <line num="42" count="3" type="cond" truecount="2" falsecount="0"/>
      <line num="46" count="1" type="stmt"/>
      <line num="49" count="2" type="cond" truecount="2" falsecount="0"/>
      <line num="50" count="1" type="stmt"/>
      <line num="57" count="1" type="stmt"/>
      <line num="65" count="29" type="stmt"/>
      <line num="67" count="29" type="cond" truecount="2" falsecount="0"/>
      <line num="68" count="18" type="stmt"/>
      <line num="71" count="11" type="cond" truecount="2" falsecount="0"/>
      <line num="72" count="1" type="stmt"/>
      <line num="79" count="10" type="stmt"/>
      <line num="80" count="68" type="stmt"/>
      <line num="82" count="10" type="stmt"/>
      <line num="88" count="10" type="cond" truecount="2" falsecount="0"/>
      <line num="89" count="25" type="stmt"/>
      <line num="92" count="6" type="stmt"/>
      <line num="96" count="2" type="stmt"/>
      <line num="98" count="200" type="stmt"/>
      <line num="104" count="2" type="stmt"/>
      <line num="105" count="11" type="stmt"/>
      <line num="107" count="102" type="cond" truecount="4" falsecount="0"/>
      <line num="116" count="2" type="stmt"/>
      <line num="117" count="114" type="stmt"/>
      <line num="122" count="1993" type="cond" truecount="2" falsecount="0"/>
      <line num="126" count="10" type="stmt"/>
      <line num="128" count="10" type="stmt"/>
      <line num="130" count="90" type="stmt"/>
      <line num="132" count="90" type="stmt"/>
    </file>
    <file name="testHelpers.js" path="/Users/romanusov/code/js_studies/minesweeper-fp/src/testHelpers.js">
      <metrics statements="16" coveredstatements="16" conditionals="0" coveredconditionals="0" methods="0" coveredmethods="0"/>
      <line num="3" count="1" type="stmt"/>
      <line num="9" count="1" type="stmt"/>
      <line num="16" count="1" type="stmt"/>
      <line num="139" count="1" type="stmt"/>
      <line num="262" count="1" type="stmt"/>
      <line num="385" count="1" type="stmt"/>
      <line num="508" count="1" type="stmt"/>
      <line num="631" count="1" type="stmt"/>
      <line num="754" count="1" type="stmt"/>
      <line num="877" count="1" type="stmt"/>
      <line num="1054" count="1" type="stmt"/>
      <line num="1177" count="1" type="stmt"/>
      <line num="1306" count="1" type="stmt"/>
      <line num="1429" count="1" type="stmt"/>
      <line num="1552" count="1" type="stmt"/>
      <line num="1675" count="1" type="stmt"/>
    </file>
  </project>
</coverage>
