{"/Users/romanusov/code/js_studies/minesweeper-fp/src/minesweeper.js": {"path":"/Users/romanusov/code/js_studies/minesweeper-fp/src/minesweeper.js","statementMap":{"0":{"start":{"line":5,"column":29},"end":{"line":10,"column":1}},"1":{"start":{"line":13,"column":2},"end":{"line":25,"column":4}},"2":{"start":{"line":15,"column":6},"end":{"line":23,"column":7}},"3":{"start":{"line":16,"column":16},"end":{"line":21,"column":9}},"4":{"start":{"line":29,"column":2},"end":{"line":36,"column":4}},"5":{"start":{"line":30,"column":4},"end":{"line":35,"column":6}},"6":{"start":{"line":31,"column":6},"end":{"line":33,"column":7}},"7":{"start":{"line":32,"column":8},"end":{"line":32,"column":23}},"8":{"start":{"line":34,"column":6},"end":{"line":34,"column":25}},"9":{"start":{"line":40,"column":15},"end":{"line":40,"column":26}},"10":{"start":{"line":42,"column":2},"end":{"line":47,"column":3}},"11":{"start":{"line":46,"column":4},"end":{"line":46,"column":17}},"12":{"start":{"line":49,"column":2},"end":{"line":55,"column":3}},"13":{"start":{"line":50,"column":4},"end":{"line":54,"column":6}},"14":{"start":{"line":57,"column":2},"end":{"line":61,"column":4}},"15":{"start":{"line":65,"column":15},"end":{"line":65,"column":26}},"16":{"start":{"line":67,"column":2},"end":{"line":69,"column":3}},"17":{"start":{"line":68,"column":4},"end":{"line":68,"column":17}},"18":{"start":{"line":71,"column":2},"end":{"line":77,"column":3}},"19":{"start":{"line":72,"column":4},"end":{"line":76,"column":6}},"20":{"start":{"line":79,"column":24},"end":{"line":79,"column":48}},"21":{"start":{"line":80,"column":16},"end":{"line":80,"column":51}},"22":{"start":{"line":80,"column":44},"end":{"line":80,"column":50}},"23":{"start":{"line":82,"column":19},"end":{"line":86,"column":3}},"24":{"start":{"line":88,"column":2},"end":{"line":90,"column":3}},"25":{"start":{"line":89,"column":4},"end":{"line":89,"column":76}},"26":{"start":{"line":89,"column":45},"end":{"line":89,"column":64}},"27":{"start":{"line":92,"column":2},"end":{"line":92,"column":18}},"28":{"start":{"line":96,"column":2},"end":{"line":100,"column":4}},"29":{"start":{"line":98,"column":6},"end":{"line":98,"column":79}},"30":{"start":{"line":98,"column":35},"end":{"line":98,"column":71}},"31":{"start":{"line":104,"column":2},"end":{"line":112,"column":4}},"32":{"start":{"line":105,"column":4},"end":{"line":111,"column":5}},"33":{"start":{"line":107,"column":8},"end":{"line":110,"column":50}},"34":{"start":{"line":116,"column":2},"end":{"line":118,"column":4}},"35":{"start":{"line":117,"column":4},"end":{"line":117,"column":58}},"36":{"start":{"line":117,"column":23},"end":{"line":117,"column":57}},"37":{"start":{"line":122,"column":2},"end":{"line":122,"column":36}},"38":{"start":{"line":126,"column":18},"end":{"line":126,"column":30}},"39":{"start":{"line":128,"column":2},"end":{"line":132,"column":36}},"40":{"start":{"line":130,"column":6},"end":{"line":130,"column":65}},"41":{"start":{"line":130,"column":31},"end":{"line":130,"column":64}},"42":{"start":{"line":132,"column":22},"end":{"line":132,"column":34}}},"fnMap":{"0":{"name":"createBoard","decl":{"start":{"line":12,"column":16},"end":{"line":12,"column":27}},"loc":{"start":{"line":12,"column":54},"end":{"line":26,"column":1}},"line":12},"1":{"name":"(anonymous_1)","decl":{"start":{"line":14,"column":4},"end":{"line":14,"column":5}},"loc":{"start":{"line":15,"column":6},"end":{"line":23,"column":7}},"line":15},"2":{"name":"(anonymous_2)","decl":{"start":{"line":16,"column":8},"end":{"line":16,"column":9}},"loc":{"start":{"line":16,"column":16},"end":{"line":21,"column":9}},"line":16},"3":{"name":"replaceTile","decl":{"start":{"line":28,"column":9},"end":{"line":28,"column":20}},"loc":{"start":{"line":28,"column":47},"end":{"line":37,"column":1}},"line":28},"4":{"name":"(anonymous_4)","decl":{"start":{"line":29,"column":19},"end":{"line":29,"column":20}},"loc":{"start":{"line":30,"column":4},"end":{"line":35,"column":6}},"line":30},"5":{"name":"(anonymous_5)","decl":{"start":{"line":30,"column":12},"end":{"line":30,"column":13}},"loc":{"start":{"line":30,"column":25},"end":{"line":35,"column":5}},"line":30},"6":{"name":"markTile","decl":{"start":{"line":39,"column":16},"end":{"line":39,"column":24}},"loc":{"start":{"line":39,"column":42},"end":{"line":62,"column":1}},"line":39},"7":{"name":"revealTile","decl":{"start":{"line":64,"column":16},"end":{"line":64,"column":26}},"loc":{"start":{"line":64,"column":44},"end":{"line":93,"column":1}},"line":64},"8":{"name":"(anonymous_8)","decl":{"start":{"line":80,"column":37},"end":{"line":80,"column":38}},"loc":{"start":{"line":80,"column":44},"end":{"line":80,"column":50}},"line":80},"9":{"name":"(anonymous_9)","decl":{"start":{"line":89,"column":32},"end":{"line":89,"column":33}},"loc":{"start":{"line":89,"column":45},"end":{"line":89,"column":64}},"line":89},"10":{"name":"markedTiles","decl":{"start":{"line":95,"column":16},"end":{"line":95,"column":27}},"loc":{"start":{"line":95,"column":35},"end":{"line":101,"column":1}},"line":95},"11":{"name":"(anonymous_11)","decl":{"start":{"line":97,"column":4},"end":{"line":97,"column":5}},"loc":{"start":{"line":98,"column":6},"end":{"line":98,"column":79}},"line":98},"12":{"name":"(anonymous_12)","decl":{"start":{"line":98,"column":25},"end":{"line":98,"column":26}},"loc":{"start":{"line":98,"column":35},"end":{"line":98,"column":71}},"line":98},"13":{"name":"checkWin","decl":{"start":{"line":103,"column":16},"end":{"line":103,"column":24}},"loc":{"start":{"line":103,"column":32},"end":{"line":113,"column":1}},"line":103},"14":{"name":"(anonymous_14)","decl":{"start":{"line":104,"column":21},"end":{"line":104,"column":22}},"loc":{"start":{"line":105,"column":4},"end":{"line":111,"column":5}},"line":105},"15":{"name":"(anonymous_15)","decl":{"start":{"line":106,"column":6},"end":{"line":106,"column":7}},"loc":{"start":{"line":107,"column":8},"end":{"line":110,"column":50}},"line":107},"16":{"name":"checkLose","decl":{"start":{"line":115,"column":16},"end":{"line":115,"column":25}},"loc":{"start":{"line":115,"column":33},"end":{"line":119,"column":1}},"line":115},"17":{"name":"(anonymous_17)","decl":{"start":{"line":116,"column":20},"end":{"line":116,"column":21}},"loc":{"start":{"line":117,"column":4},"end":{"line":117,"column":58}},"line":117},"18":{"name":"(anonymous_18)","decl":{"start":{"line":117,"column":13},"end":{"line":117,"column":14}},"loc":{"start":{"line":117,"column":23},"end":{"line":117,"column":57}},"line":117},"19":{"name":"positionMatch","decl":{"start":{"line":121,"column":16},"end":{"line":121,"column":29}},"loc":{"start":{"line":121,"column":36},"end":{"line":123,"column":1}},"line":121},"20":{"name":"nearbyTiles","decl":{"start":{"line":125,"column":9},"end":{"line":125,"column":20}},"loc":{"start":{"line":125,"column":38},"end":{"line":133,"column":1}},"line":125},"21":{"name":"(anonymous_21)","decl":{"start":{"line":129,"column":13},"end":{"line":129,"column":14}},"loc":{"start":{"line":130,"column":6},"end":{"line":130,"column":65}},"line":130},"22":{"name":"(anonymous_22)","decl":{"start":{"line":130,"column":18},"end":{"line":130,"column":19}},"loc":{"start":{"line":130,"column":31},"end":{"line":130,"column":64}},"line":130},"23":{"name":"(anonymous_23)","decl":{"start":{"line":132,"column":12},"end":{"line":132,"column":13}},"loc":{"start":{"line":132,"column":22},"end":{"line":132,"column":34}},"line":132}},"branchMap":{"0":{"loc":{"start":{"line":31,"column":6},"end":{"line":33,"column":7}},"type":"if","locations":[{"start":{"line":31,"column":6},"end":{"line":33,"column":7}},{"start":{},"end":{}}],"line":31},"1":{"loc":{"start":{"line":42,"column":2},"end":{"line":47,"column":3}},"type":"if","locations":[{"start":{"line":42,"column":2},"end":{"line":47,"column":3}},{"start":{},"end":{}}],"line":42},"2":{"loc":{"start":{"line":43,"column":4},"end":{"line":44,"column":40}},"type":"binary-expr","locations":[{"start":{"line":43,"column":4},"end":{"line":43,"column":40}},{"start":{"line":44,"column":4},"end":{"line":44,"column":40}}],"line":43},"3":{"loc":{"start":{"line":49,"column":2},"end":{"line":55,"column":3}},"type":"if","locations":[{"start":{"line":49,"column":2},"end":{"line":55,"column":3}},{"start":{},"end":{}}],"line":49},"4":{"loc":{"start":{"line":67,"column":2},"end":{"line":69,"column":3}},"type":"if","locations":[{"start":{"line":67,"column":2},"end":{"line":69,"column":3}},{"start":{},"end":{}}],"line":67},"5":{"loc":{"start":{"line":71,"column":2},"end":{"line":77,"column":3}},"type":"if","locations":[{"start":{"line":71,"column":2},"end":{"line":77,"column":3}},{"start":{},"end":{}}],"line":71},"6":{"loc":{"start":{"line":88,"column":2},"end":{"line":90,"column":3}},"type":"if","locations":[{"start":{"line":88,"column":2},"end":{"line":90,"column":3}},{"start":{},"end":{}}],"line":88},"7":{"loc":{"start":{"line":107,"column":8},"end":{"line":110,"column":50}},"type":"binary-expr","locations":[{"start":{"line":107,"column":8},"end":{"line":107,"column":44}},{"start":{"line":108,"column":9},"end":{"line":108,"column":18}},{"start":{"line":109,"column":11},"end":{"line":109,"column":47}},{"start":{"line":110,"column":12},"end":{"line":110,"column":48}}],"line":107},"8":{"loc":{"start":{"line":122,"column":9},"end":{"line":122,"column":35}},"type":"binary-expr","locations":[{"start":{"line":122,"column":9},"end":{"line":122,"column":20}},{"start":{"line":122,"column":24},"end":{"line":122,"column":35}}],"line":122}},"s":{"0":1,"1":2,"2":20,"3":200,"4":13,"5":130,"6":1300,"7":13,"8":1287,"9":3,"10":3,"11":1,"12":2,"13":1,"14":1,"15":29,"16":29,"17":18,"18":11,"19":1,"20":10,"21":10,"22":68,"23":10,"24":10,"25":4,"26":25,"27":6,"28":2,"29":20,"30":200,"31":2,"32":11,"33":102,"34":2,"35":12,"36":114,"37":1993,"38":10,"39":10,"40":30,"41":90,"42":90},"f":{"0":2,"1":20,"2":200,"3":13,"4":130,"5":1300,"6":3,"7":29,"8":68,"9":25,"10":2,"11":20,"12":200,"13":2,"14":11,"15":102,"16":2,"17":12,"18":114,"19":1993,"20":10,"21":30,"22":90,"23":90},"b":{"0":[13,1287],"1":[1,2],"2":[3,2],"3":[1,1],"4":[18,11],"5":[1,10],"6":[4,6],"7":[102,4,3,1],"8":[1993,201]},"_coverageSchema":"1a1c01bbd47fc00a2c39e90264f33305004495a9","hash":"618d622c3c7c1dc47aa524a56ad99f26f54f3d65"}
,"/Users/romanusov/code/js_studies/minesweeper-fp/src/testHelpers.js": {"path":"/Users/romanusov/code/js_studies/minesweeper-fp/src/testHelpers.js","statementMap":{"0":{"start":{"line":3,"column":34},"end":{"line":7,"column":1}},"1":{"start":{"line":9,"column":33},"end":{"line":14,"column":1}},"2":{"start":{"line":16,"column":30},"end":{"line":137,"column":1}},"3":{"start":{"line":139,"column":29},"end":{"line":260,"column":1}},"4":{"start":{"line":262,"column":29},"end":{"line":383,"column":1}},"5":{"start":{"line":385,"column":35},"end":{"line":506,"column":1}},"6":{"start":{"line":508,"column":35},"end":{"line":629,"column":1}},"7":{"start":{"line":631,"column":29},"end":{"line":752,"column":1}},"8":{"start":{"line":754,"column":59},"end":{"line":875,"column":1}},"9":{"start":{"line":877,"column":48},"end":{"line":1052,"column":1}},"10":{"start":{"line":1054,"column":60},"end":{"line":1175,"column":1}},"11":{"start":{"line":1177,"column":54},"end":{"line":1304,"column":1}},"12":{"start":{"line":1306,"column":40},"end":{"line":1427,"column":1}},"13":{"start":{"line":1429,"column":41},"end":{"line":1550,"column":1}},"14":{"start":{"line":1552,"column":28},"end":{"line":1673,"column":1}},"15":{"start":{"line":1675,"column":27},"end":{"line":1796,"column":1}}},"fnMap":{},"branchMap":{},"s":{"0":1,"1":1,"2":1,"3":1,"4":1,"5":1,"6":1,"7":1,"8":1,"9":1,"10":1,"11":1,"12":1,"13":1,"14":1,"15":1},"f":{},"b":{},"_coverageSchema":"1a1c01bbd47fc00a2c39e90264f33305004495a9","hash":"f21ea0771fff27e49428cf1aad173f5f6c8d2579"}
}
