TN:
SF:src/minesweeper.js
FN:12,createBoard
FN:14,(anonymous_1)
FN:16,(anonymous_2)
FN:28,replaceTile
FN:29,(anonymous_4)
FN:30,(anonymous_5)
FN:39,markTile
FN:64,revealTile
FN:80,(anonymous_8)
FN:89,(anonymous_9)
FN:95,markedTiles
FN:97,(anonymous_11)
FN:98,(anonymous_12)
FN:103,checkWin
FN:104,(anonymous_14)
FN:106,(anonymous_15)
FN:115,checkLose
FN:116,(anonymous_17)
FN:117,(anonymous_18)
FN:121,positionMatch
FN:125,nearbyTiles
FN:129,(anonymous_21)
FN:130,(anonymous_22)
FN:132,(anonymous_23)
FNF:24
FNH:24
FNDA:2,createBoard
FNDA:20,(anonymous_1)
FNDA:200,(anonymous_2)
FNDA:13,replaceTile
FNDA:130,(anonymous_4)
FNDA:1300,(anonymous_5)
FNDA:3,markTile
FNDA:29,revealTile
FNDA:68,(anonymous_8)
FNDA:25,(anonymous_9)
FNDA:2,markedTiles
FNDA:20,(anonymous_11)
FNDA:200,(anonymous_12)
FNDA:2,checkWin
FNDA:11,(anonymous_14)
FNDA:102,(anonymous_15)
FNDA:2,checkLose
FNDA:12,(anonymous_17)
FNDA:114,(anonymous_18)
FNDA:1993,positionMatch
FNDA:10,nearbyTiles
FNDA:30,(anonymous_21)
FNDA:90,(anonymous_22)
FNDA:90,(anonymous_23)
DA:5,1
DA:13,2
DA:15,20
DA:16,200
DA:29,13
DA:30,130
DA:31,1300
DA:32,13
DA:34,1287
DA:40,3
DA:42,3
DA:46,1
DA:49,2
DA:50,1
DA:57,1
DA:65,29
DA:67,29
DA:68,18
DA:71,11
DA:72,1
DA:79,10
DA:80,68
DA:82,10
DA:88,10
DA:89,25
DA:92,6
DA:96,2
DA:98,200
DA:104,2
DA:105,11
DA:107,102
DA:116,2
DA:117,114
DA:122,1993
DA:126,10
DA:128,10
DA:130,90
DA:132,90
LF:38
LH:38
BRDA:31,0,0,13
BRDA:31,0,1,1287
BRDA:42,1,0,1
BRDA:42,1,1,2
BRDA:43,2,0,3
BRDA:43,2,1,2
BRDA:49,3,0,1
BRDA:49,3,1,1
BRDA:67,4,0,18
BRDA:67,4,1,11
BRDA:71,5,0,1
BRDA:71,5,1,10
BRDA:88,6,0,4
BRDA:88,6,1,6
BRDA:107,7,0,102
BRDA:107,7,1,4
BRDA:107,7,2,3
BRDA:107,7,3,1
BRDA:122,8,0,1993
BRDA:122,8,1,201
BRF:20
BRH:20
end_of_record
TN:
SF:src/testHelpers.js
FNF:0
FNH:0
DA:3,1
DA:9,1
DA:16,1
DA:139,1
DA:262,1
DA:385,1
DA:508,1
DA:631,1
DA:754,1
DA:877,1
DA:1054,1
DA:1177,1
DA:1306,1
DA:1429,1
DA:1552,1
DA:1675,1
LF:16
LH:16
BRF:0
BRH:0
end_of_record
